[0mGET / [32m200 [0m70.543 ms - 104696[0m
[0mGET /login_files/reset.css [32m200 [0m23.728 ms - 8638[0m
[0mGET /login_files/container.css [32m200 [0m10.519 ms - 2952[0m
[0mGET /login_files/site.css [32m200 [0m14.888 ms - 3714[0m
[0mGET /login_files/grid.css [32m200 [0m15.461 ms - 70997[0m
[0mGET /login_files/header.css [32m200 [0m0.849 ms - 12772[0m
[0mGET /login_files/image.css [32m200 [0m31.581 ms - 5366[0m
[0mGET /login_files/divider.css [32m200 [0m33.073 ms - 7774[0m
[0mGET /login_files/segment.css [32m200 [0m34.574 ms - 19184[0m
[0mGET /login_files/menu.css [32m200 [0m34.581 ms - 43227[0m
[0mGET /login_files/form.css [32m200 [0m9.337 ms - 28012[0m
[0mGET /login_files/input.css [32m200 [0m12.172 ms - 12180[0m
[0mGET /login_files/message.css [32m200 [0m1.104 ms - 11961[0m
[0mGET /login_files/list.css [32m200 [0m5.267 ms - 21533[0m
[0mGET /login_files/button.css [32m200 [0m2.359 ms - 112523[0m
[0mGET /login_files/icon.css [32m200 [0m4.887 ms - 82139[0m
[0mGET /favicon.ico [33m404 [0m27.953 ms - 337[0m
[0mGET /login?password=sjtu123 [32m200 [0m1.753 ms - 17[0m
[0mGET /home?token=hello [32m200 [0m115.541 ms - 157468[0m
[0mGET /vin_license.js [32m200 [0m8.457 ms - 19366[0m
[0mGET /semantic.min.js [32m200 [0m2.599 ms - 275730[0m
[0mGET /semantic.min.css [32m200 [0m23.201 ms - 628512[0m
[0mGET /img/fog.jpg [32m200 [0m11.306 ms - 37760[0m
{ limit: '0' }
[0mGET /query/history/status?limit=0 [32m200 [0m2347.490 ms - 10375[0m
[0mGET /home?token=hello [36m304 [0m3.527 ms - -[0m
[0mGET /query/all/location/batch [0m- [0m- ms - -[0m
[0mGET /semantic.min.css [36m304 [0m1.215 ms - -[0m
[0mGET /semantic.min.js [36m304 [0m1.017 ms - -[0m
[0mGET /vin_license.js [36m304 [0m0.986 ms - -[0m
[0mGET /img/fog.jpg [36m304 [0m0.437 ms - -[0m
{ limit: '0' }
[0mGET /query/history/status?limit=0 [36m304 [0m52.704 ms - -[0m
[0mGET /query/all/location/batch [32m200 [0m3056.024 ms - 282530[0m
[0mGET /query/all/location/batch [36m304 [0m2618.067 ms - -[0m
[0mGET /icon-pink-small.gif [32m200 [0m12.418 ms - 11304[0m
[0mGET /query/all/location/batch [36m304 [0m2632.553 ms - -[0m
select create_time, speed from E100_TABLE_TIMELY where car_VIN = "LK6ADCE2XJB009694" and create_time > date_sub(current_timestamp(), interval 2880 minute) limit 1000
[0mGET /query/single/history?car_VIN=LK6ADCE2XJB009694&type=velocity&limit=2880 [32m200 [0m34.565 ms - 2[0m
[0mGET /query/single/route?car_VIN=LK6ADCE2XJB009694&limit=2880 [32m200 [0m386.592 ms - 2[0m
[0mGET /query/all/location/batch [36m304 [0m2605.238 ms - -[0m
{ car_VIN: 'LK6ADCE2XJB009694' }
body: undefined
[0mGET /query/single/info_java?car_VIN=LK6ADCE2XJB009694 [32m200 [0m17.699 ms - -[0m
select create_time, speed from E100_TABLE_TIMELY where car_VIN = "LK6ADCE20HB005082" and create_time > date_sub(current_timestamp(), interval 2880 minute) limit 1000
[0mGET /query/single/history?car_VIN=LK6ADCE20HB005082&type=velocity&limit=2880 [32m200 [0m17.273 ms - 2[0m
[0mGET /query/single/route?car_VIN=LK6ADCE20HB005082&limit=2880 [32m200 [0m218.946 ms - 2[0m
{ car_VIN: 'LK6ADCE20HB005082' }
body: undefined
[0mGET /query/single/info_java?car_VIN=LK6ADCE20HB005082 [32m200 [0m3.185 ms - -[0m
select create_time, speed from E100_TABLE_TIMELY where car_VIN = "LK6ADCE22HB005102" and create_time > date_sub(current_timestamp(), interval 2880 minute) limit 1000
[0mGET /query/single/history?car_VIN=LK6ADCE22HB005102&type=velocity&limit=2880 [32m200 [0m52.904 ms - 2[0m
[0mGET /query/single/route?car_VIN=LK6ADCE22HB005102&limit=2880 [32m200 [0m238.334 ms - 2[0m
{ car_VIN: 'LK6ADCE22HB005102' }
body: undefined
[0mGET /query/single/info_java?car_VIN=LK6ADCE22HB005102 [32m200 [0m2.166 ms - -[0m
[0mGET /home?token=hello [36m304 [0m66.337 ms - -[0m
[0mGET /semantic.min.css [36m304 [0m1.847 ms - -[0m
[0mGET /semantic.min.js [36m304 [0m0.609 ms - -[0m
[0mGET /vin_license.js [36m304 [0m0.432 ms - -[0m
[0mGET /img/fog.jpg [36m304 [0m0.472 ms - -[0m
{ limit: '0' }
[0mGET /query/history/status?limit=0 [36m304 [0m63.038 ms - -[0m
[0mGET /query/all/location/batch [32m200 [0m2674.193 ms - 135898[0m
[0mGET /icon-green-small.gif [32m200 [0m19.288 ms - 11304[0m
select create_time, speed from E100_TABLE_TIMELY where car_VIN = "LK6ADCE21JB011057" and create_time > date_sub(current_timestamp(), interval 2880 minute) limit 1000
[0mGET /query/single/history?car_VIN=LK6ADCE21JB011057&type=velocity&limit=2880 [32m200 [0m22.995 ms - 2[0m
[0mGET /query/all/location/batch [32m200 [0m2707.872 ms - 135898[0m
[0mGET /query/single/route?car_VIN=LK6ADCE21JB011057&limit=2880 [32m200 [0m1429.305 ms - 84001[0m
[0mGET /start.png [32m200 [0m8.302 ms - 1276[0m
[0mGET /final.png [32m200 [0m13.870 ms - 1281[0m
{ car_VIN: 'LK6ADCE21JB011057' }
body: undefined
[0mGET /query/single/info_java?car_VIN=LK6ADCE21JB011057 [32m200 [0m17.792 ms - -[0m
[0mGET /icon-green-small.gif [36m304 [0m2.109 ms - -[0m
[0mGET /query/all/location/batch [32m200 [0m2692.308 ms - 135898[0m
select create_time, speed from E100_TABLE_TIMELY where car_VIN = "LK6ADCE20JB007842" and create_time > date_sub(current_timestamp(), interval 2880 minute) limit 1000
[0mGET /query/single/history?car_VIN=LK6ADCE20JB007842&type=velocity&limit=2880 [32m200 [0m17.053 ms - 2[0m
[0mGET /query/single/route?car_VIN=LK6ADCE20JB007842&limit=2880 [32m200 [0m1523.244 ms - 86908[0m
{ car_VIN: 'LK6ADCE20JB007842' }
body: undefined
[0mGET /query/single/info_java?car_VIN=LK6ADCE20JB007842 [32m200 [0m3.529 ms - -[0m
[0mGET /icon-green-small.gif [36m304 [0m0.575 ms - -[0m
[0mGET /icon-pink-small.gif [36m304 [0m1.210 ms - -[0m
[0mGET /query/all/location/batch [32m200 [0m2913.338 ms - 135898[0m
[0mGET /query/all/location/batch [32m200 [0m2665.212 ms - 135898[0m
select create_time, speed from E100_TABLE_TIMELY where car_VIN = "LK6ADCE29JB010500" and create_time > date_sub(current_timestamp(), interval 2880 minute) limit 1000
[0mGET /query/single/history?car_VIN=LK6ADCE29JB010500&type=velocity&limit=2880 [32m200 [0m50.831 ms - 2[0m
[0mGET /query/single/route?car_VIN=LK6ADCE29JB010500&limit=2880 [32m200 [0m933.956 ms - 86198[0m
{ car_VIN: 'LK6ADCE29JB010500' }
body: undefined
[0mGET /query/single/info_java?car_VIN=LK6ADCE29JB010500 [32m200 [0m4.401 ms - -[0m
[0mGET /start.png [36m304 [0m0.559 ms - -[0m
[0mGET /final.png [36m304 [0m0.427 ms - -[0m
{ limit: '0' }
[0mGET /query/history/status?limit=0 [32m200 [0m50.045 ms - 10375[0m
[0mGET /query/all/location/batch [32m200 [0m2734.788 ms - 135145[0m
[0mGET /query/all/location/batch [32m200 [0m2624.778 ms - 135145[0m
[0mGET /query/all/location/batch [32m200 [0m2630.300 ms - 135145[0m
[0mGET /query/all/location/batch [32m200 [0m2646.504 ms - 135145[0m
[0mGET /query/all/location/batch [32m200 [0m2634.673 ms - 135145[0m
[0mGET /query/all/location/batch [32m200 [0m2639.126 ms - 135145[0m
[0mGET /query/all/location/batch [32m200 [0m2617.521 ms - 135145[0m
[0mGET /query/all/location/batch [32m200 [0m2622.276 ms - 135145[0m
[0mGET /query/all/location/batch [32m200 [0m2634.790 ms - 135899[0m
[0mGET /query/all/location/batch [32m200 [0m2620.593 ms - 135899[0m
[0mGET /query/all/location/batch [32m200 [0m2636.497 ms - 135899[0m
[0mGET /query/all/location/batch [32m200 [0m2766.717 ms - 135899[0m
[0mGET /query/all/location/batch [32m200 [0m2822.543 ms - 135899[0m
[0mGET /query/all/location/batch [32m200 [0m2621.132 ms - 135899[0m
[0mGET /query/all/location/batch [32m200 [0m2679.997 ms - 135899[0m
[0mGET /query/all/location/batch [32m200 [0m2667.702 ms - 135899[0m
[0mGET /query/all/location/batch [32m200 [0m3165.004 ms - 135899[0m
[0mGET /query/all/location/batch [32m200 [0m3136.601 ms - 135899[0m
[0mGET /icon-green-small.gif [36m304 [0m1.578 ms - -[0m
[0mGET /icon-pink-small.gif [36m304 [0m0.804 ms - -[0m
[0mGET /query/all/location/batch [32m200 [0m3402.506 ms - 135899[0m
[0mGET /query/all/location/batch [32m200 [0m3280.846 ms - 135269[0m
[0mGET /query/all/location/batch [32m200 [0m2989.918 ms - 135269[0m
[0mGET /query/all/location/batch [36m304 [0m2689.305 ms - -[0m
select create_time, speed from E100_TABLE_TIMELY where car_VIN = "LK6ADCE27JB008292" and create_time > date_sub(current_timestamp(), interval 2880 minute) limit 1000
[0mGET /query/single/history?car_VIN=LK6ADCE27JB008292&type=velocity&limit=2880 [32m200 [0m27.994 ms - 2[0m
{ car_VIN: 'LK6ADCE27JB008292' }
body: undefined
[0mGET /query/single/info_java?car_VIN=LK6ADCE27JB008292 [32m200 [0m2.260 ms - -[0m
[0mGET /query/all/location/batch [32m200 [0m3746.724 ms - 135269[0m
[0mGET /query/single/route?car_VIN=LK6ADCE27JB008292&limit=2880 [32m200 [0m1946.616 ms - 86372[0m
[0mGET /start.png [36m304 [0m0.449 ms - -[0m
[0mGET /final.png [36m304 [0m0.461 ms - -[0m
[0mGET /query/all/location/batch [32m200 [0m3632.389 ms - 135269[0m
[0mGET /query/all/location/batch [32m200 [0m3593.137 ms - 135269[0m
[0mGET /query/all/location/batch [32m200 [0m3361.569 ms - 135268[0m
[0mGET /query/all/location/batch [32m200 [0m3422.581 ms - 135268[0m
[0mGET /query/all/location/batch [32m200 [0m3600.537 ms - 135270[0m
[0mGET /home?token=hello [36m304 [0m3.482 ms - -[0m
[0mGET /semantic.min.css [36m304 [0m0.676 ms - -[0m
[0mGET /semantic.min.js [36m304 [0m1.010 ms - -[0m
[0mGET /vin_license.js [36m304 [0m0.992 ms - -[0m
[0mGET /img/fog.jpg [36m304 [0m0.434 ms - -[0m
{ limit: '0' }
[0mGET /query/history/status?limit=0 [36m304 [0m52.426 ms - -[0m
[0mGET /query/all/location/batch [32m200 [0m3183.753 ms - 135270[0m
[0mGET /query/all/location/batch [32m200 [0m3214.581 ms - 135270[0m
[0mGET /icon-green-small.gif [36m304 [0m0.454 ms - -[0m
[0mGET /query/all/location/batch [32m200 [0m2878.658 ms - 135270[0m
[0mGET /query/all/location/batch [32m200 [0m2725.425 ms - 135270[0m
[0mGET /query/all/location/batch [32m200 [0m3222.400 ms - 135270[0m
[0mGET /query/all/location/batch [36m304 [0m3297.750 ms - -[0m
[0mGET /query/all/location/batch [32m200 [0m3361.429 ms - 135270[0m
[0mGET /query/all/location/batch [32m200 [0m3401.397 ms - 135270[0m
[0mGET /query/all/location/batch [36m304 [0m3529.124 ms - -[0m
[0mGET /query/all/location/batch [32m200 [0m2908.434 ms - 135270[0m
[0mGET /query/all/location/batch [32m200 [0m2576.352 ms - 135270[0m
[0mGET /query/all/location/batch [32m200 [0m2810.479 ms - 135270[0m
[0mGET /query/all/location/batch [32m200 [0m2745.035 ms - 135270[0m
[0mGET /query/all/location/batch [36m304 [0m3060.495 ms - -[0m
[0mGET /query/all/location/batch [32m200 [0m2904.668 ms - 135270[0m
[0mGET /query/all/location/batch [32m200 [0m3039.982 ms - 134644[0m
[0mGET /query/all/location/batch [32m200 [0m2719.667 ms - 134644[0m
[0mGET /query/all/location/batch [36m304 [0m2620.446 ms - -[0m
[0mGET /query/all/location/batch [32m200 [0m3012.291 ms - 135146[0m
[0mGET /query/all/location/batch [32m200 [0m3047.280 ms - 135146[0m
[0mGET /query/all/location/batch [32m200 [0m2655.646 ms - 135524[0m
[0mGET /query/all/location/batch [32m200 [0m2724.097 ms - 135524[0m
[0mGET /query/all/location/batch [32m200 [0m2718.353 ms - 135524[0m
[0mGET /query/all/location/batch [36m304 [0m2819.419 ms - -[0m
[0mGET /query/all/location/batch [32m200 [0m3210.528 ms - 135524[0m
[0mGET /query/all/location/batch [32m200 [0m3095.920 ms - 135524[0m
[0mGET /query/all/location/batch [32m200 [0m2707.682 ms - 135524[0m
[0mGET /query/all/location/batch [36m304 [0m3221.767 ms - -[0m
[0mGET /query/all/location/batch [32m200 [0m2977.414 ms - 135522[0m
[0mGET /query/all/location/batch [32m200 [0m2881.768 ms - 135522[0m
[0mGET /query/all/location/batch [32m200 [0m2654.541 ms - 135522[0m
[0mGET /query/all/location/batch [32m200 [0m2646.708 ms - 135523[0m
[0mGET /query/all/location/batch [32m200 [0m2652.845 ms - 135523[0m
[0mGET /query/all/location/batch [32m200 [0m2639.974 ms - 135523[0m
[0mGET /query/all/location/batch [32m200 [0m2644.729 ms - 135523[0m
[0mGET /query/all/location/batch [32m200 [0m2651.399 ms - 135523[0m
[0mGET /query/all/location/batch [32m200 [0m2658.924 ms - 135523[0m
[0mGET /query/all/location/batch [32m200 [0m2635.310 ms - 135523[0m
[0mGET /query/all/location/batch [32m200 [0m2655.632 ms - 135523[0m
[0mGET /query/all/location/batch [32m200 [0m2758.233 ms - 135524[0m
[0mGET /icon-pink-small.gif [36m304 [0m0.676 ms - -[0m
select create_time, speed from E100_TABLE_TIMELY where car_VIN = "LK6ADCE27JB008292" and create_time > date_sub(current_timestamp(), interval 2880 minute) limit 1000
[0mGET /query/single/history?car_VIN=LK6ADCE27JB008292&type=velocity&limit=2880 [36m304 [0m3.316 ms - -[0m
{ car_VIN: 'LK6ADCE27JB008292' }
body: undefined
[0mGET /query/single/info_java?car_VIN=LK6ADCE27JB008292 [32m200 [0m3.583 ms - -[0m
[0mGET /query/single/route?car_VIN=LK6ADCE27JB008292&limit=2880 [36m304 [0m390.273 ms - -[0m
[0mGET /query/all/location/batch [32m200 [0m2863.812 ms - 135524[0m
[0mGET /start.png [36m304 [0m0.500 ms - -[0m
[0mGET /final.png [36m304 [0m0.399 ms - -[0m
[0mGET /query/all/location/batch [32m200 [0m2733.973 ms - 135524[0m
[0mGET /query/all/location/batch [32m200 [0m2647.934 ms - 135524[0m
[0mGET /query/all/location/batch [32m200 [0m2639.361 ms - 135524[0m
[0mGET /query/all/location/batch [32m200 [0m2925.471 ms - 135524[0m
[0mGET /query/all/location/batch [32m200 [0m2808.637 ms - 135524[0m
[0mGET /query/all/location/batch [32m200 [0m2655.972 ms - 134270[0m
[0mGET /query/all/location/batch [32m200 [0m2643.046 ms - 134270[0m
[0mGET /query/all/location/batch [32m200 [0m2657.979 ms - 134269[0m
[0mGET /query/all/location/batch [32m200 [0m2634.623 ms - 134269[0m
[0mGET / [36m304 [0m61.690 ms - -[0m
[0mGET /login_files/reset.css [36m304 [0m1.907 ms - -[0m
[0mGET /login_files/site.css [36m304 [0m1.686 ms - -[0m
[0mGET /login_files/container.css [36m304 [0m0.461 ms - -[0m
[0mGET /login_files/grid.css [36m304 [0m1.922 ms - -[0m
[0mGET /login_files/menu.css [36m304 [0m1.871 ms - -[0m
[0mGET /login_files/divider.css [36m304 [0m1.786 ms - -[0m
[0mGET /login_files/image.css [36m304 [0m1.974 ms - -[0m
[0mGET /login_files/header.css [36m304 [0m1.918 ms - -[0m
[0mGET /login_files/segment.css [36m304 [0m0.385 ms - -[0m
[0mGET /login_files/form.css [36m304 [0m0.398 ms - -[0m
[0mGET /login_files/list.css [36m304 [0m0.754 ms - -[0m
[0mGET /login_files/input.css [36m304 [0m0.737 ms - -[0m
[0mGET /login_files/button.css [36m304 [0m0.717 ms - -[0m
[0mGET /login_files/message.css [36m304 [0m0.705 ms - -[0m
[0mGET /login_files/icon.css [36m304 [0m0.423 ms - -[0m
[0mGET /query/all/location/batch [32m200 [0m2775.711 ms - 134268[0m
[0mGET /? [32m200 [0m3.566 ms - 104696[0m
[0mGET /login?password=sjtu123 [36m304 [0m4.141 ms - -[0m
[0mGET /home?token=hello [36m304 [0m3.410 ms - -[0m
[0mGET /semantic.min.css [36m304 [0m0.486 ms - -[0m
[0mGET /semantic.min.js [36m304 [0m0.388 ms - -[0m
[0mGET /vin_license.js [36m304 [0m0.411 ms - -[0m
[0mGET /img/fog.jpg [36m304 [0m0.478 ms - -[0m
{ limit: '0' }
[0mGET /query/history/status?limit=0 [36m304 [0m56.066 ms - -[0m
[0mGET /query/all/location/batch [32m200 [0m3202.620 ms - 134268[0m
[0mGET /query/all/location/batch [32m200 [0m2993.664 ms - 134268[0m
[0mGET /icon-green-small.gif [36m304 [0m0.353 ms - -[0m
[0mGET /query/all/location/batch [32m200 [0m2662.775 ms - 134270[0m
[0mGET /query/all/location/batch [32m200 [0m3071.854 ms - 134270[0m
[0mGET /query/all/location/batch [0m- [0m- ms - -[0m
[0mGET /query/all/location/batch [32m200 [0m2958.423 ms - 134270[0m
[0mGET /query/all/location/batch [32m200 [0m2642.734 ms - 134269[0m
[0mGET /query/all/location/batch [32m200 [0m2642.025 ms - 134269[0m
[0mGET /query/all/location/batch [32m200 [0m2684.184 ms - 133263[0m
[0mGET /query/all/location/batch [32m200 [0m2644.124 ms - 133263[0m
[0mGET /query/all/location/batch [32m200 [0m2717.840 ms - 133262[0m
[0mGET /query/all/location/batch [32m200 [0m2648.661 ms - 133262[0m
[0mGET /query/all/location/batch [32m200 [0m2881.128 ms - 133264[0m
[0mGET /query/all/location/batch [32m200 [0m2631.119 ms - 133264[0m
[0mGET /query/all/location/batch [32m200 [0m2648.623 ms - 134016[0m
[0mGET /query/all/location/batch [32m200 [0m2629.747 ms - 133263[0m
[0mGET /query/all/location/batch [32m200 [0m2703.618 ms - 133263[0m
[0mGET /query/all/location/batch [32m200 [0m2629.291 ms - 134140[0m
[0mGET /query/all/location/batch [32m200 [0m2680.363 ms - 134140[0m
[0mGET /query/all/location/batch [32m200 [0m2633.729 ms - 134139[0m
[0mGET /query/all/location/batch [32m200 [0m2653.878 ms - 134139[0m
[0mGET /query/all/location/batch [32m200 [0m2651.038 ms - 134139[0m
[0mGET /query/all/location/batch [32m200 [0m2625.952 ms - 134139[0m
[0mGET /query/all/location/batch [32m200 [0m2633.115 ms - 134138[0m
[0mGET /query/all/location/batch [32m200 [0m2726.418 ms - 134138[0m
[0mGET /query/all/location/batch [32m200 [0m2641.928 ms - 134138[0m
[0mGET /query/all/location/batch [32m200 [0m2648.485 ms - 134138[0m
[0mGET /query/all/location/batch [32m200 [0m2679.598 ms - 134766[0m
[0mGET /query/all/location/batch [32m200 [0m2622.864 ms - 134766[0m
[0mGET /query/all/location/batch [32m200 [0m2657.108 ms - 134769[0m
[0mGET /query/all/location/batch [32m200 [0m2653.900 ms - 134769[0m
[0mGET /query/all/location/batch [32m200 [0m2658.381 ms - 134768[0m
[0mGET /query/all/location/batch [32m200 [0m2621.038 ms - 134768[0m
[0mGET /query/all/location/batch [32m200 [0m2852.173 ms - 135394[0m
[0mGET /query/all/location/batch [32m200 [0m2631.393 ms - 134767[0m
[0mGET /query/all/location/batch [32m200 [0m2633.805 ms - 134767[0m
[0mGET /query/all/location/batch [32m200 [0m2628.101 ms - 134767[0m
[0mGET /query/all/location/batch [32m200 [0m2632.912 ms - 134767[0m
[0mGET /query/all/location/batch [32m200 [0m2618.463 ms - 135520[0m
[0mGET /query/all/location/batch [32m200 [0m2636.613 ms - 135520[0m
[0mGET /query/all/location/batch [32m200 [0m2672.717 ms - 135519[0m
[0mGET /query/all/location/batch [32m200 [0m2645.509 ms - 135519[0m
[0mGET /query/all/location/batch [32m200 [0m2626.746 ms - 135518[0m
[0mGET /query/all/location/batch [32m200 [0m2633.980 ms - 135518[0m
[0mGET / [36m304 [0m2.391 ms - -[0m
[0mGET /login_files/container.css [36m304 [0m1.638 ms - -[0m
[0mGET /login_files/reset.css [36m304 [0m1.619 ms - -[0m
[0mGET /login_files/site.css [36m304 [0m1.575 ms - -[0m
[0mGET /login_files/grid.css [36m304 [0m0.791 ms - -[0m
[0mGET /login_files/header.css [36m304 [0m0.672 ms - -[0m
[0mGET /login_files/image.css [36m304 [0m1.125 ms - -[0m
[0mGET /login_files/menu.css [36m304 [0m1.770 ms - -[0m
[0mGET /login_files/divider.css [36m304 [0m1.686 ms - -[0m
[0mGET /login_files/segment.css [36m304 [0m0.390 ms - -[0m
[0mGET /login_files/form.css [36m304 [0m0.429 ms - -[0m
[0mGET /login_files/input.css [36m304 [0m0.386 ms - -[0m
[0mGET /login_files/button.css [36m304 [0m0.397 ms - -[0m
[0mGET /login_files/list.css [36m304 [0m0.520 ms - -[0m
[0mGET /login_files/icon.css [36m304 [0m0.938 ms - -[0m
[0mGET /login_files/message.css [36m304 [0m0.851 ms - -[0m
[0mGET /query/all/location/batch [32m200 [0m3301.385 ms - 135521[0m
[0mGET /query/all/location/batch [32m200 [0m2634.258 ms - 135521[0m
[0mGET /query/all/location/batch [32m200 [0m2643.988 ms - 135519[0m
[0mGET /query/all/location/batch [32m200 [0m2615.488 ms - 135519[0m
[0mGET /query/all/location/batch [32m200 [0m2775.380 ms - 135521[0m
[0mGET /query/all/location/batch [32m200 [0m2648.507 ms - 135521[0m
[0mGET /query/all/location/batch [32m200 [0m2659.598 ms - 135519[0m
[0mGET /query/all/location/batch [32m200 [0m3711.047 ms - 135519[0m
[0mGET /query/all/location/batch [32m200 [0m2742.492 ms - 136021[0m
[0mGET /query/all/location/batch [32m200 [0m2637.453 ms - 134767[0m
[0mGET /query/all/location/batch [32m200 [0m2703.568 ms - 134767[0m
[0mGET /query/all/location/batch [32m200 [0m2634.421 ms - 134766[0m
[0mGET /query/all/location/batch [32m200 [0m2636.859 ms - 134766[0m
[0mGET /query/all/location/batch [32m200 [0m2623.261 ms - 134765[0m
[0mGET /query/all/location/batch [32m200 [0m2628.810 ms - 134765[0m
[0mGET /query/all/location/batch [32m200 [0m2644.856 ms - 134762[0m
[0mGET /query/all/location/batch [32m200 [0m2644.603 ms - 134762[0m
[0mGET /query/all/location/batch [32m200 [0m2642.596 ms - 134763[0m
[0mGET /query/all/location/batch [32m200 [0m2642.148 ms - 134763[0m
[0mGET /query/all/location/batch [32m200 [0m3708.867 ms - 134764[0m
[0mGET /query/all/location/batch [32m200 [0m2634.939 ms - 134764[0m
[0mGET /query/all/location/batch [32m200 [0m2652.220 ms - 134135[0m
[0mGET /query/all/location/batch [32m200 [0m2635.156 ms - 134135[0m
[0mGET /query/all/location/batch [32m200 [0m2652.233 ms - 135012[0m
[0mGET /query/all/location/batch [32m200 [0m2607.337 ms - 135012[0m
[0mGET /query/all/location/batch [32m200 [0m2641.232 ms - 135012[0m
[0mGET /query/all/location/batch [32m200 [0m2651.527 ms - 135012[0m
[0mGET /query/all/location/batch [32m200 [0m2670.457 ms - 135012[0m
[0mGET /query/all/location/batch [32m200 [0m2645.977 ms - 135765[0m
[0mGET /query/all/location/batch [32m200 [0m2865.791 ms - 135765[0m
[0mGET /query/all/location/batch [32m200 [0m2629.362 ms - 135010[0m
[0mGET /query/all/location/batch [32m200 [0m2693.646 ms - 135010[0m
[0mGET /query/all/location/batch [32m200 [0m2628.983 ms - 135009[0m
[0mGET /query/all/location/batch [32m200 [0m2762.838 ms - 135009[0m
[0mGET /query/all/location/batch [32m200 [0m2639.032 ms - 135012[0m
[0mGET /query/all/location/batch [32m200 [0m2861.094 ms - 135012[0m
[0mGET /query/all/location/batch [32m200 [0m2639.391 ms - 135012[0m
[0mGET /query/all/location/batch [32m200 [0m2646.672 ms - 135012[0m
[0mGET /query/all/location/batch [32m200 [0m2632.744 ms - 135011[0m
[0mGET /query/all/location/batch [32m200 [0m2627.694 ms - 135011[0m
[0mGET /query/all/location/batch [32m200 [0m2770.435 ms - 135763[0m
[0mGET /query/all/location/batch [32m200 [0m2627.740 ms - 135763[0m
[0mGET /query/all/location/batch [32m200 [0m2636.608 ms - 135763[0m
[0mGET /query/all/location/batch [32m200 [0m2626.366 ms - 135763[0m
[0mGET /query/all/location/batch [32m200 [0m2775.167 ms - 135889[0m
[0mGET /query/all/location/batch [32m200 [0m2667.534 ms - 135763[0m
[0mGET /query/all/location/batch [32m200 [0m2636.281 ms - 135763[0m
[0mGET /query/all/location/batch [32m200 [0m2643.392 ms - 135763[0m
[0mGET /query/all/location/batch [32m200 [0m2644.269 ms - 135763[0m
[0mGET /query/all/location/batch [32m200 [0m2632.041 ms - 134886[0m
[0mGET /query/all/location/batch [32m200 [0m2835.958 ms - 134886[0m
[0mGET /query/all/location/batch [32m200 [0m2627.154 ms - 134886[0m
[0mGET /query/all/location/batch [32m200 [0m2650.368 ms - 134886[0m
[0mGET /query/all/location/batch [32m200 [0m2628.814 ms - 135262[0m
[0mGET /query/all/location/batch [32m200 [0m2636.271 ms - 135262[0m
[0mGET /query/all/location/batch [32m200 [0m2637.158 ms - 135260[0m
[0mGET /query/all/location/batch [32m200 [0m2636.450 ms - 135260[0m
[0mGET /query/all/location/batch [32m200 [0m2662.210 ms - 135262[0m
[0mGET /query/all/location/batch [32m200 [0m2651.004 ms - 135262[0m
[0mGET /query/all/location/batch [32m200 [0m2627.023 ms - 135261[0m
[0mGET /query/all/location/batch [32m200 [0m2668.008 ms - 135261[0m
[0mGET /query/all/location/batch [32m200 [0m2714.603 ms - 135637[0m
[0mGET /query/all/location/batch [32m200 [0m2656.436 ms - 135262[0m
[0mGET /query/all/location/batch [32m200 [0m2698.087 ms - 135262[0m
[0mGET /query/all/location/batch [32m200 [0m2691.818 ms - 135262[0m
[0mGET /query/all/location/batch [32m200 [0m2646.263 ms - 135262[0m
[0mGET /query/all/location/batch [32m200 [0m2692.954 ms - 135889[0m
[0mGET /query/all/location/batch [32m200 [0m2771.317 ms - 135889[0m
[0mGET /query/all/location/batch [32m200 [0m2656.729 ms - 135889[0m
[0mGET /query/all/location/batch [32m200 [0m3333.784 ms - 135889[0m
[0mGET /query/all/location/batch [32m200 [0m2648.769 ms - 135516[0m
[0mGET /query/all/location/batch [32m200 [0m2651.057 ms - 135516[0m
[0mGET /query/all/location/batch [32m200 [0m2640.280 ms - 135513[0m
[0mGET /query/all/location/batch [32m200 [0m2637.673 ms - 135513[0m
[0mGET /query/all/location/batch [32m200 [0m2665.028 ms - 135516[0m
[0mGET /query/all/location/batch [32m200 [0m2636.380 ms - 135516[0m
[0mGET /query/all/location/batch [32m200 [0m2703.085 ms - 135515[0m
[0mGET /query/all/location/batch [32m200 [0m2648.083 ms - 135515[0m
[0mGET /query/all/location/batch [32m200 [0m2684.945 ms - 135516[0m
[0mGET /query/all/location/batch [32m200 [0m2641.554 ms - 135516[0m
[0mGET /query/all/location/batch [32m200 [0m2716.133 ms - 135516[0m
[0mGET /query/all/location/batch [32m200 [0m2641.796 ms - 135516[0m
[0mGET /query/all/location/batch [32m200 [0m2694.250 ms - 135516[0m
[0mGET /query/all/location/batch [32m200 [0m2634.044 ms - 135515[0m
[0mGET /query/all/location/batch [32m200 [0m2804.760 ms - 135515[0m
[0mGET /query/all/location/batch [32m200 [0m2628.086 ms - 135514[0m
[0mGET /query/all/location/batch [32m200 [0m2697.979 ms - 135514[0m
[0mGET /query/all/location/batch [32m200 [0m2645.221 ms - 135515[0m
[0mGET /query/all/location/batch [32m200 [0m2686.638 ms - 135515[0m
[0mGET /query/all/location/batch [32m200 [0m2889.303 ms - 135515[0m
[0mGET /query/all/location/batch [32m200 [0m3030.328 ms - 135515[0m
[0mGET /query/all/location/batch [32m200 [0m2633.221 ms - 135516[0m
[0mGET /query/all/location/batch [32m200 [0m2635.442 ms - 135516[0m
[0mGET /query/all/location/batch [32m200 [0m2648.849 ms - 135516[0m
[0mGET /query/all/location/batch [32m200 [0m2633.086 ms - 135516[0m
[0mGET /query/all/location/batch [32m200 [0m2634.314 ms - 135516[0m
[0mGET /query/all/location/batch [32m200 [0m2645.901 ms - 135516[0m
[0mGET /query/all/location/batch [32m200 [0m2769.296 ms - 135516[0m
[0mGET /query/all/location/batch [32m200 [0m2672.157 ms - 135516[0m
[0mGET /query/all/location/batch [32m200 [0m2634.301 ms - 135516[0m
[0mGET /query/all/location/batch [32m200 [0m2710.109 ms - 135516[0m
[0mGET /query/all/location/batch [32m200 [0m2644.020 ms - 135516[0m
[0mGET /query/all/location/batch [32m200 [0m2639.288 ms - 135516[0m
[0mGET /query/all/location/batch [32m200 [0m2636.440 ms - 135516[0m
[0mGET /query/all/location/batch [32m200 [0m2625.455 ms - 135516[0m
[0mGET /query/all/location/batch [32m200 [0m2645.091 ms - 135516[0m
[0mGET /query/all/location/batch [32m200 [0m2641.208 ms - 135515[0m
[0mGET /query/all/location/batch [32m200 [0m2646.791 ms - 135515[0m
[0mGET /query/all/location/batch [32m200 [0m2630.394 ms - 135515[0m
[0mGET /query/all/location/batch [32m200 [0m2634.232 ms - 135515[0m
[0mGET /query/all/location/batch [32m200 [0m2635.324 ms - 135514[0m
[0mGET /query/all/location/batch [32m200 [0m2629.435 ms - 135514[0m
[0mGET /query/all/location/batch [32m200 [0m2756.419 ms - 135516[0m
[0mGET /semantic.min.css [36m304 [0m0.719 ms - -[0m
[0mGET /query/all/location/batch [32m200 [0m2630.965 ms - 135516[0m
[0mGET /query/all/location/batch [32m200 [0m2637.742 ms - 135515[0m
[0mGET /query/all/location/batch [32m200 [0m2635.805 ms - 135515[0m
[0mGET /query/all/location/batch [32m200 [0m2638.161 ms - 136017[0m
[0mGET /query/all/location/batch [32m200 [0m2646.827 ms - 135516[0m
[0mGET /query/all/location/batch [32m200 [0m2695.468 ms - 135516[0m
[0mGET /query/all/location/batch [32m200 [0m2623.308 ms - 135516[0m
[0mGET /query/all/location/batch [32m200 [0m2709.370 ms - 135516[0m
[0mGET /query/all/location/batch [32m200 [0m2645.164 ms - 135516[0m
[0mGET /query/all/location/batch [32m200 [0m2635.073 ms - 135516[0m
[0mGET /query/all/location/batch [32m200 [0m2635.299 ms - 135515[0m
[0mGET /query/all/location/batch [32m200 [0m2691.046 ms - 135515[0m
[0mGET /query/all/location/batch [32m200 [0m2631.197 ms - 135515[0m
[0mGET /query/all/location/batch [32m200 [0m2633.262 ms - 135515[0m
[0mGET /query/all/location/batch [32m200 [0m2641.488 ms - 136143[0m
[0mGET /query/all/location/batch [32m200 [0m2639.633 ms - 136143[0m
[0mGET /query/all/location/batch [32m200 [0m2646.251 ms - 136142[0m
[0mGET /query/all/location/batch [32m200 [0m2625.235 ms - 136142[0m
[0mGET /query/all/location/batch [32m200 [0m2632.044 ms - 136143[0m
[0mGET /query/all/location/batch [32m200 [0m2628.500 ms - 136143[0m
[0mGET /query/all/location/batch [32m200 [0m2664.265 ms - 136020[0m
[0mGET /query/all/location/batch [32m200 [0m2633.590 ms - 136020[0m
[0mGET /query/all/location/batch [32m200 [0m2632.360 ms - 136395[0m
[0mGET /query/all/location/batch [32m200 [0m2630.674 ms - 134891[0m
[0mGET /query/all/location/batch [32m200 [0m2655.956 ms - 134891[0m
[0mGET /query/all/location/batch [32m200 [0m2634.606 ms - 134892[0m
[0mGET /query/all/location/batch [32m200 [0m2643.960 ms - 134892[0m
[0mGET /query/all/location/batch [32m200 [0m2655.386 ms - 134889[0m
[0mGET /query/all/location/batch [32m200 [0m2638.526 ms - 134889[0m
[0mGET /query/all/location/batch [32m200 [0m2634.226 ms - 134892[0m
[0mGET /query/all/location/batch [32m200 [0m2644.362 ms - 134892[0m
[0mGET /query/all/location/batch [32m200 [0m2628.158 ms - 134892[0m
[0mGET /query/all/location/batch [32m200 [0m2628.342 ms - 134892[0m
[0mGET /query/all/location/batch [32m200 [0m2652.933 ms - 134890[0m
[0mGET /query/all/location/batch [32m200 [0m2647.721 ms - 134890[0m
[0mGET /query/all/location/batch [32m200 [0m2664.458 ms - 134889[0m
[0mGET /query/all/location/batch [32m200 [0m2636.091 ms - 134889[0m
[0mGET /query/all/location/batch [32m200 [0m2646.214 ms - 134890[0m
[0mGET /query/all/location/batch [32m200 [0m2634.558 ms - 134890[0m
[0mGET /query/all/location/batch [32m200 [0m2632.765 ms - 134890[0m
[0mGET /query/all/location/batch [32m200 [0m2630.804 ms - 134890[0m
[0mGET /query/all/location/batch [32m200 [0m2748.454 ms - 135265[0m
[0mGET /query/all/location/batch [32m200 [0m2631.656 ms - 134890[0m
[0mGET /query/all/location/batch [32m200 [0m2662.360 ms - 134890[0m
[0mGET /query/all/location/batch [32m200 [0m2648.180 ms - 134890[0m
[0mGET /query/all/location/batch [32m200 [0m2683.379 ms - 134890[0m
[0mGET /query/all/location/batch [32m200 [0m2633.255 ms - 134889[0m
[0mGET /query/all/location/batch [32m200 [0m2675.950 ms - 134889[0m
[0mGET /query/all/location/batch [32m200 [0m2640.817 ms - 134889[0m
[0mGET /query/all/location/batch [32m200 [0m2633.107 ms - 134889[0m
[0mGET /query/all/location/batch [32m200 [0m2643.497 ms - 134890[0m
[0mGET /query/all/location/batch [32m200 [0m2697.296 ms - 134890[0m
[0mGET /query/all/location/batch [32m200 [0m2638.661 ms - 135641[0m
[0mGET /query/all/location/batch [32m200 [0m3233.479 ms - 135641[0m
[0mGET /query/all/location/batch [32m200 [0m2653.588 ms - 135640[0m
[0mGET /query/all/location/batch [32m200 [0m2633.356 ms - 135640[0m
[0mGET /query/all/location/batch [32m200 [0m2659.861 ms - 134890[0m
[0mGET /query/all/location/batch [32m200 [0m2636.092 ms - 134890[0m
[0mGET /query/all/location/batch [32m200 [0m2665.079 ms - 134893[0m
[0mGET /query/all/location/batch [32m200 [0m3312.817 ms - 134893[0m
[0mGET /query/all/location/batch [32m200 [0m3408.949 ms - 134893[0m
[0mGET /query/all/location/batch [32m200 [0m3073.115 ms - 134895[0m
[0mGET /query/all/location/batch [32m200 [0m3621.670 ms - 134895[0m
[0mGET /query/all/location/batch [32m200 [0m3064.504 ms - 134893[0m
[0mGET /query/all/location/batch [32m200 [0m3323.363 ms - 134893[0m
[0mGET /query/all/location/batch [32m200 [0m2628.473 ms - 134894[0m
[0mGET /query/all/location/batch [32m200 [0m2771.616 ms - 134894[0m
[0mGET /query/all/location/batch [32m200 [0m2640.097 ms - 135647[0m
[0mGET /query/all/location/batch [32m200 [0m2632.611 ms - 135647[0m
[0mGET /query/all/location/batch [32m200 [0m2638.158 ms - 135647[0m
[0mGET /query/all/location/batch [32m200 [0m2632.436 ms - 135647[0m
[0mGET /query/all/location/batch [32m200 [0m2648.327 ms - 135648[0m
[0mGET /query/all/location/batch [32m200 [0m2627.894 ms - 135648[0m
[0mGET /query/all/location/batch [32m200 [0m2635.106 ms - 135648[0m
[0mGET /query/all/location/batch [32m200 [0m2643.538 ms - 135648[0m
[0mGET /query/all/location/batch [32m200 [0m2642.136 ms - 135648[0m
[0mGET /query/all/location/batch [32m200 [0m3194.461 ms - 135648[0m
[0mGET /query/all/location/batch [32m200 [0m2644.352 ms - 135898[0m
[0mGET /query/all/location/batch [32m200 [0m2627.327 ms - 135647[0m
[0mGET /query/all/location/batch [32m200 [0m2661.014 ms - 135647[0m
[0mGET /query/all/location/batch [32m200 [0m2628.989 ms - 135647[0m
[0mGET /query/all/location/batch [32m200 [0m2632.563 ms - 135647[0m
[0mGET /query/all/location/batch [32m200 [0m2631.658 ms - 135648[0m
[0mGET /query/all/location/batch [32m200 [0m2644.778 ms - 135648[0m
[0mGET /query/all/location/batch [32m200 [0m2654.846 ms - 136276[0m
[0mGET /query/all/location/batch [32m200 [0m2627.928 ms - 136276[0m
[0mGET /query/all/location/batch [32m200 [0m2630.620 ms - 136276[0m
[0mGET /query/all/location/batch [32m200 [0m2641.385 ms - 136276[0m
[0mGET /query/all/location/batch [32m200 [0m2633.924 ms - 136276[0m
[0mGET /query/all/location/batch [32m200 [0m2636.759 ms - 136276[0m
[0mGET /query/all/location/batch [32m200 [0m2636.354 ms - 136275[0m
[0mGET /query/all/location/batch [32m200 [0m2625.440 ms - 136275[0m
[0mGET /query/all/location/batch [0m- [0m- ms - -[0m
{ limit: '0' }
[0mGET /query/history/status?limit=0 [32m200 [0m48.292 ms - 10375[0m
[0mGET /query/all/location/batch [32m200 [0m2643.939 ms - 136913[0m
{ limit: '0' }
[0mGET /query/history/status?limit=0 [32m200 [0m37.988 ms - 10375[0m
[0mGET /query/all/location/batch [0m- [0m- ms - -[0m
{ limit: '0' }
[0mGET /query/history/status?limit=0 [32m200 [0m44.133 ms - 10375[0m
[0mGET /query/all/location/batch [32m200 [0m2811.030 ms - 136913[0m
[0mGET /query/all/location/batch [32m200 [0m2631.084 ms - 136914[0m
[0mGET /query/all/location/batch [32m200 [0m2627.820 ms - 136914[0m
[0mGET /query/all/location/batch [0m- [0m- ms - -[0m
{ limit: '0' }
[0mGET /query/history/status?limit=0 [32m200 [0m36.784 ms - 10375[0m
[0mGET /query/all/location/batch [32m200 [0m2934.958 ms - 137292[0m
{ limit: '0' }
[0mGET /query/history/status?limit=0 [32m200 [0m40.850 ms - 10375[0m
[0mGET /query/all/location/batch [32m200 [0m2660.256 ms - 137292[0m
[0mGET /query/all/location/batch [32m200 [0m2637.869 ms - 137292[0m
[0mGET /query/all/location/batch [32m200 [0m2630.655 ms - 137292[0m
[0mGET /query/all/location/batch [32m200 [0m2648.369 ms - 137292[0m
[0mGET /query/all/location/batch [32m200 [0m2648.229 ms - 137292[0m
[0mGET /query/all/location/batch [32m200 [0m2640.022 ms - 137291[0m
[0mGET /query/all/location/batch [32m200 [0m2632.923 ms - 137291[0m
[0mGET /query/all/location/batch [32m200 [0m3199.081 ms - 136665[0m
[0mGET /query/all/location/batch [32m200 [0m3468.735 ms - 136665[0m
[0mGET /query/all/location/batch [32m200 [0m3293.505 ms - 136663[0m
[0mGET /query/all/location/batch [32m200 [0m3162.645 ms - 136663[0m
[0mGET /query/all/location/batch [32m200 [0m3194.512 ms - 136663[0m
[0mGET /query/all/location/batch [32m200 [0m3218.162 ms - 136663[0m
[0mGET /query/all/location/batch [32m200 [0m3464.603 ms - 137037[0m
[0mGET /query/all/location/batch [32m200 [0m3165.349 ms - 136662[0m
[0mGET /query/all/location/batch [32m200 [0m3344.787 ms - 136662[0m
[0mGET /query/all/location/batch [32m200 [0m3184.607 ms - 136663[0m
[0mGET /query/all/location/batch [32m200 [0m3155.983 ms - 136663[0m
[0mGET /query/all/location/batch [32m200 [0m2992.625 ms - 136665[0m
[0mGET /query/all/location/batch [32m200 [0m3093.478 ms - 136665[0m
[0mGET /query/all/location/batch [32m200 [0m3212.668 ms - 136665[0m
[0mGET /query/all/location/batch [32m200 [0m3177.246 ms - 136665[0m
[0mGET /query/all/location/batch [32m200 [0m3220.142 ms - 136662[0m
[0mGET /query/all/location/batch [32m200 [0m3133.924 ms - 136662[0m
[0mGET /query/all/location/batch [32m200 [0m3189.369 ms - 136662[0m
[0mGET /query/all/location/batch [32m200 [0m3079.767 ms - 136662[0m
[0mGET /query/all/location/batch [32m200 [0m3175.558 ms - 136665[0m
[0mGET /query/all/location/batch [32m200 [0m3420.634 ms - 136665[0m
[0mGET /query/all/location/batch [32m200 [0m3317.823 ms - 136663[0m
[0mGET /query/all/location/batch [32m200 [0m3408.056 ms - 136663[0m
[0mGET /query/all/location/batch [32m200 [0m3086.156 ms - 136663[0m
[0mGET /query/all/location/batch [32m200 [0m3491.700 ms - 136663[0m
[0mGET /query/all/location/batch [32m200 [0m2666.855 ms - 136663[0m
[0mGET /query/all/location/batch [32m200 [0m2651.311 ms - 136665[0m
[0mGET /query/all/location/batch [32m200 [0m2632.235 ms - 136665[0m
[0mGET /query/all/location/batch [32m200 [0m2643.078 ms - 136665[0m
[0mGET /query/all/location/batch [32m200 [0m2623.207 ms - 137043[0m
[0mGET /query/all/location/batch [0m- [0m- ms - -[0m
{ limit: '0' }
[0mGET /query/history/status?limit=0 [32m200 [0m41.440 ms - 10375[0m
[0mGET /query/all/location/batch [0m- [0m- ms - -[0m
{ limit: '0' }
[0mGET /query/history/status?limit=0 [32m200 [0m41.689 ms - 10375[0m
[0mGET /query/all/location/batch [32m200 [0m3233.626 ms - 135783[0m
[0mGET /query/all/location/batch [32m200 [0m2624.347 ms - 135783[0m
[0mGET /query/all/location/batch [32m200 [0m3001.367 ms - 135784[0m
[0mGET /query/all/location/batch [32m200 [0m3188.746 ms - 135784[0m
[0mGET /query/all/location/batch [32m200 [0m2751.428 ms - 136285[0m
[0mGET /query/all/location/batch [32m200 [0m2643.781 ms - 135784[0m
[0mGET /query/all/location/batch [32m200 [0m2650.053 ms - 135784[0m
[0mGET /query/all/location/batch [32m200 [0m2632.955 ms - 135785[0m
[0mGET /query/all/location/batch [32m200 [0m2651.788 ms - 135785[0m
[0mGET /query/all/location/batch [32m200 [0m2728.252 ms - 135786[0m
[0mGET /query/all/location/batch [32m200 [0m2657.336 ms - 135786[0m
[0mGET /query/all/location/batch [32m200 [0m2630.968 ms - 135786[0m
[0mGET /query/all/location/batch [32m200 [0m2628.677 ms - 135786[0m
[0mGET /query/all/location/batch [32m200 [0m2640.049 ms - 135786[0m
[0mGET /query/all/location/batch [32m200 [0m2637.403 ms - 135786[0m
[0mGET /query/all/location/batch [32m200 [0m2751.772 ms - 135785[0m
[0mGET /query/all/location/batch [32m200 [0m2644.662 ms - 135785[0m
[0mGET /query/all/location/batch [32m200 [0m2647.207 ms - 135781[0m
[0mGET /query/all/location/batch [32m200 [0m2626.856 ms - 135781[0m
{ limit: '0' }
[0mGET /query/history/status?limit=0 [32m200 [0m40.633 ms - 10375[0m
[0mGET /query/all/location/batch [0m- [0m- ms - -[0m
{ limit: '0' }
[0mGET /query/history/status?limit=0 [32m200 [0m36.731 ms - 10375[0m
[0mGET /query/all/location/batch [0m- [0m- ms - -[0m
{ limit: '0' }
[0mGET /query/history/status?limit=0 [32m200 [0m37.827 ms - 10375[0m
[0mGET /query/all/location/batch [0m- [0m- ms - -[0m
{ limit: '0' }
[0mGET /query/history/status?limit=0 [32m200 [0m41.823 ms - 10375[0m
[0mGET /query/all/location/batch [32m200 [0m2985.173 ms - 135783[0m
[0mGET /query/all/location/batch [32m200 [0m3197.251 ms - 135783[0m
[0mGET /query/all/location/batch [32m200 [0m2642.494 ms - 135784[0m
[0mGET /query/all/location/batch [32m200 [0m2627.221 ms - 135784[0m
[0mGET /query/all/location/batch [32m200 [0m2954.529 ms - 136537[0m
[0mGET /query/all/location/batch [32m200 [0m2637.036 ms - 136537[0m
[0mGET /query/all/location/batch [32m200 [0m2631.299 ms - 136788[0m
[0mGET /query/all/location/batch [32m200 [0m2638.387 ms - 136788[0m
[0mGET /query/all/location/batch [32m200 [0m2636.379 ms - 136783[0m
[0mGET /query/all/location/batch [32m200 [0m2625.947 ms - 136783[0m
[0mGET /query/all/location/batch [32m200 [0m2623.382 ms - 136788[0m
[0mGET /query/all/location/batch [32m200 [0m2625.059 ms - 136788[0m
[0mGET /query/all/location/batch [32m200 [0m2648.248 ms - 136788[0m
[0mGET /query/all/location/batch [32m200 [0m2621.696 ms - 136788[0m
[0mGET /query/all/location/batch [32m200 [0m2807.311 ms - 136787[0m
[0mGET /query/all/location/batch [32m200 [0m2628.957 ms - 136787[0m
[0mGET /query/all/location/batch [32m200 [0m2630.853 ms - 137289[0m
[0mGET /query/all/location/batch [32m200 [0m2625.046 ms - 136787[0m
[0mGET /query/all/location/batch [32m200 [0m2655.896 ms - 136787[0m
[0mGET /query/all/location/batch [32m200 [0m2625.475 ms - 136788[0m
[0mGET /query/all/location/batch [32m200 [0m2625.333 ms - 136788[0m
[0mGET /query/all/location/batch [32m200 [0m2624.723 ms - 136788[0m
[0mGET /query/all/location/batch [32m200 [0m2641.815 ms - 136788[0m
[0mGET /query/all/location/batch [32m200 [0m3841.976 ms - 137416[0m
[0mGET /query/all/location/batch [32m200 [0m2720.359 ms - 137416[0m
[0mGET /query/all/location/batch [0m- [0m- ms - -[0m
{ limit: '0' }
[0mGET /query/history/status?limit=0 [32m200 [0m39.919 ms - 10375[0m
[0mGET /query/all/location/batch [32m200 [0m2632.236 ms - 136789[0m
[0mGET /query/all/location/batch [32m200 [0m2677.499 ms - 137165[0m
[0mGET /query/all/location/batch [32m200 [0m2634.399 ms - 136788[0m
[0mGET /query/all/location/batch [32m200 [0m2644.384 ms - 136788[0m
[0mGET /query/all/location/batch [32m200 [0m2632.223 ms - 137040[0m
{ limit: '0' }
[0mGET /query/history/status?limit=0 [32m200 [0m38.848 ms - 10375[0m
[0mGET /query/all/location/batch [0m- [0m- ms - -[0m
{ limit: '0' }
[0mGET /query/history/status?limit=0 [32m200 [0m39.765 ms - 10375[0m
[0mGET /query/all/location/batch [32m200 [0m2994.077 ms - 137040[0m
[0mGET /query/all/location/batch [32m200 [0m2646.955 ms - 137040[0m
[0mGET /query/all/location/batch [32m200 [0m2665.327 ms - 137040[0m
[0mGET /query/all/location/batch [32m200 [0m2618.916 ms - 137040[0m
[0mGET /query/all/location/batch [32m200 [0m2673.203 ms - 137040[0m
[0mGET /query/all/location/batch [32m200 [0m2634.935 ms - 135788[0m
[0mGET /query/all/location/batch [32m200 [0m2645.720 ms - 135788[0m
[0mGET /query/all/location/batch [32m200 [0m2642.143 ms - 135787[0m
[0mGET /query/all/location/batch [0m- [0m- ms - -[0m
{ limit: '0' }
[0mGET /query/history/status?limit=0 [32m200 [0m41.516 ms - 10375[0m
[0mGET /query/all/location/batch [32m200 [0m3182.376 ms - 135787[0m
[0mGET /query/all/location/batch [32m200 [0m4171.544 ms - 135410[0m
[0mGET /query/all/location/batch [32m200 [0m2662.366 ms - 135410[0m
[0mGET /query/all/location/batch [32m200 [0m3094.661 ms - 135408[0m
[0mGET /query/all/location/batch [32m200 [0m3389.678 ms - 135408[0m
[0mGET /query/all/location/batch [32m200 [0m2674.028 ms - 136286[0m
[0mGET /query/all/location/batch [32m200 [0m2621.792 ms - 136286[0m
[0mGET /query/all/location/batch [32m200 [0m2615.426 ms - 137040[0m
[0mGET /query/all/location/batch [32m200 [0m2607.079 ms - 137040[0m
[0mGET /query/all/location/batch [32m200 [0m2632.129 ms - 137037[0m
[0mGET /query/all/location/batch [32m200 [0m2621.749 ms - 137037[0m
[0mGET /query/all/location/batch [32m200 [0m3131.735 ms - 137665[0m
[0mGET /query/all/location/batch [0m- [0m- ms - -[0m
{ limit: '0' }
[0mGET /query/history/status?limit=0 [32m200 [0m31.328 ms - 10375[0m
[0mGET /query/all/location/batch [0m- [0m- ms - -[0m
{ limit: '0' }
[0mGET /query/history/status?limit=0 [32m200 [0m41.211 ms - 10375[0m
[0mGET /query/all/location/batch [0m- [0m- ms - -[0m
{ limit: '0' }
[0mGET /query/history/status?limit=0 [32m200 [0m44.992 ms - 10375[0m
[0mGET /query/all/location/batch [0m- [0m- ms - -[0m
{ limit: '0' }
[0mGET /query/history/status?limit=0 [32m200 [0m42.245 ms - 10375[0m
[0mGET /query/all/location/batch [32m200 [0m2741.778 ms - 137039[0m
[0mGET /query/all/location/batch [32m200 [0m2713.726 ms - 137039[0m
[0mGET /query/all/location/batch [32m200 [0m2642.404 ms - 137040[0m
[0mGET / [32m200 [0m2.169 ms - 104696[0m
[0mGET /login_files/reset.css [32m200 [0m2.189 ms - 8638[0m
[0mGET /login_files/site.css [32m200 [0m1.217 ms - 3714[0m
[0mGET /login_files/container.css [32m200 [0m1.120 ms - 2952[0m
[0mGET /login_files/grid.css [32m200 [0m0.649 ms - 70997[0m
[0mGET /login_files/header.css [32m200 [0m0.618 ms - 12772[0m
[0mGET /login_files/image.css [32m200 [0m0.569 ms - 5366[0m
[0mGET /login_files/menu.css [32m200 [0m0.612 ms - 43227[0m
[0mGET /login_files/divider.css [32m200 [0m0.608 ms - 7774[0m
[0mGET /login_files/segment.css [32m200 [0m0.570 ms - 19184[0m
[0mGET /login_files/form.css [32m200 [0m0.615 ms - 28012[0m
[0mGET /login_files/input.css [32m200 [0m0.557 ms - 12180[0m
[0mGET /login_files/button.css [32m200 [0m0.575 ms - 112523[0m
[0mGET /login_files/list.css [32m200 [0m0.602 ms - 21533[0m
[0mGET /login_files/message.css [32m200 [0m0.666 ms - 11961[0m
[0mGET /login_files/icon.css [32m200 [0m0.635 ms - 82139[0m
[0mGET /favicon.ico [33m404 [0m2.988 ms - 337[0m
[0mGET /login?password=sjtu123 [32m200 [0m0.540 ms - 17[0m
[0mGET /home?token=hello [32m200 [0m2.503 ms - 157468[0m
[0mGET /vin_license.js [32m200 [0m0.968 ms - 19366[0m
[0mGET /semantic.min.js [32m200 [0m1.175 ms - 275730[0m
[0mGET /img/fog.jpg [32m200 [0m1.744 ms - 37760[0m
[0mGET /semantic.min.css [32m200 [0m0.621 ms - 628512[0m
{ limit: '0' }
[0mGET /query/history/status?limit=0 [32m200 [0m50.892 ms - 10375[0m
[0mGET /query/all/location/batch [32m200 [0m2661.814 ms - 135171[0m
[0mGET /icon-green-small.gif [32m200 [0m0.626 ms - 11304[0m
[0mGET /query/all/location/batch [36m304 [0m2630.730 ms - -[0m
[0mGET /query/all/location/batch [32m200 [0m2625.356 ms - 135170[0m
[0mGET /query/all/location/batch [36m304 [0m2622.685 ms - -[0m
[0mGET /query/all/location/batch [32m200 [0m2625.154 ms - 135172[0m
[0mGET /query/all/location/batch [36m304 [0m2621.510 ms - -[0m
[0mGET /query/all/location/batch [32m200 [0m2637.241 ms - 135173[0m
[0mGET /icon-pink-small.gif [32m200 [0m0.699 ms - 11304[0m
[0mGET /query/all/location/batch [32m200 [0m2626.395 ms - 135172[0m
[0mGET /query/all/location/batch [36m304 [0m3111.251 ms - -[0m
[0mGET /query/all/location/batch [36m304 [0m3315.226 ms - -[0m
[0mGET /query/all/location/batch [32m200 [0m3111.895 ms - 136052[0m
[0mGET /query/all/location/batch [36m304 [0m3122.195 ms - -[0m
[0mGET /query/all/location/batch [32m200 [0m3322.524 ms - 136053[0m
[0mGET /query/all/location/batch [36m304 [0m3521.375 ms - -[0m
[0mGET /query/all/location/batch [32m200 [0m3327.506 ms - 136306[0m
[0mGET /query/all/location/batch [36m304 [0m3186.639 ms - -[0m
[0mGET /query/all/location/batch [32m200 [0m3230.849 ms - 136306[0m
[0mGET /query/all/location/batch [36m304 [0m3256.626 ms - -[0m
[0mGET /query/all/location/batch [32m200 [0m3473.666 ms - 136304[0m
[0mGET /query/all/location/batch [36m304 [0m3324.814 ms - -[0m
[0mGET /query/all/location/batch [32m200 [0m3320.371 ms - 136306[0m
[0mGET /query/all/location/batch [36m304 [0m3020.733 ms - -[0m
[0mGET /query/all/location/batch [32m200 [0m3181.602 ms - 136305[0m
[0mGET /query/all/location/batch [36m304 [0m3345.343 ms - -[0m
[0mGET /query/all/location/batch [32m200 [0m3338.638 ms - 136306[0m
[0mGET /query/all/location/batch [36m304 [0m3287.136 ms - -[0m
[0mGET /query/all/location/batch [32m200 [0m3073.624 ms - 136305[0m
[0mGET /query/all/location/batch [36m304 [0m2985.373 ms - -[0m
[0mGET /query/all/location/batch [36m304 [0m3061.860 ms - -[0m
[0mGET /query/all/location/batch [32m200 [0m3285.633 ms - 136305[0m
[0mGET /query/all/location/batch [36m304 [0m3219.338 ms - -[0m
[0mGET /query/all/location/batch [32m200 [0m2868.322 ms - 136304[0m
[0mGET /query/all/location/batch [32m200 [0m3616.882 ms - 136430[0m
[0mGET /query/all/location/batch [32m200 [0m3552.177 ms - 136306[0m
[0mGET /home?token=hello [36m304 [0m2.773 ms - -[0m
[0mGET /query/all/location/batch [0m- [0m- ms - -[0m
[0mGET /semantic.min.css [36m304 [0m0.724 ms - -[0m
[0mGET /semantic.min.js [36m304 [0m0.611 ms - -[0m
[0mGET /vin_license.js [36m304 [0m0.370 ms - -[0m
[0mGET /img/fog.jpg [36m304 [0m0.482 ms - -[0m
{ limit: '0' }
[0mGET /query/history/status?limit=0 [36m304 [0m41.681 ms - -[0m
[0mGET /semantic.min.css [36m304 [0m0.309 ms - -[0m
[0mGET /query/all/location/batch [32m200 [0m3030.579 ms - 136306[0m
[0mGET /icon-green-small.gif [36m304 [0m0.438 ms - -[0m
[0mGET /query/all/location/batch [36m304 [0m3508.486 ms - -[0m
[0mGET /query/all/location/batch [32m200 [0m3296.952 ms - 136306[0m
[0mGET /query/all/location/batch [36m304 [0m3507.550 ms - -[0m
[0mGET /query/all/location/batch [32m200 [0m3125.559 ms - 136558[0m
[0mGET /icon-pink-small.gif [36m304 [0m0.476 ms - -[0m
[0mGET /query/all/location/batch [32m200 [0m3409.520 ms - 136305[0m
[0mGET /query/all/location/batch [32m200 [0m3484.368 ms - 136305[0m
[0mGET /query/all/location/batch [36m304 [0m2989.490 ms - -[0m
[0mGET /query/all/location/batch [32m200 [0m3402.716 ms - 136305[0m
[0mGET /query/all/location/batch [36m304 [0m3411.325 ms - -[0m
[0mGET /query/all/location/batch [32m200 [0m3502.281 ms - 136305[0m
[0mGET /query/all/location/batch [0m- [0m- ms - -[0m
[0mGET / [36m304 [0m1.984 ms - -[0m
[0mGET /login_files/reset.css [36m304 [0m0.443 ms - -[0m
[0mGET /login_files/site.css [36m304 [0m0.393 ms - -[0m
[0mGET /login_files/container.css [36m304 [0m0.492 ms - -[0m
[0mGET /login_files/grid.css [36m304 [0m0.376 ms - -[0m
[0mGET /login_files/header.css [36m304 [0m1.055 ms - -[0m
[0mGET /login_files/image.css [36m304 [0m0.976 ms - -[0m
[0mGET /login_files/menu.css [36m304 [0m0.911 ms - -[0m
[0mGET /login_files/divider.css [36m304 [0m0.352 ms - -[0m
[0mGET /login_files/form.css [36m304 [0m0.393 ms - -[0m
[0mGET /login_files/segment.css [36m304 [0m0.379 ms - -[0m
[0mGET /login_files/button.css [36m304 [0m1.129 ms - -[0m
[0mGET /login_files/input.css [36m304 [0m1.028 ms - -[0m
[0mGET /login_files/list.css [36m304 [0m0.930 ms - -[0m
[0mGET /login_files/message.css [36m304 [0m0.349 ms - -[0m
[0mGET /login_files/icon.css [36m304 [0m0.370 ms - -[0m
[0mGET /login?password=sjtu123 [36m304 [0m0.624 ms - -[0m
[0mGET /home?token=hello [36m304 [0m2.425 ms - -[0m
[0mGET /semantic.min.css [36m304 [0m0.406 ms - -[0m
[0mGET /vin_license.js [36m304 [0m0.361 ms - -[0m
[0mGET /semantic.min.js [36m304 [0m0.395 ms - -[0m
[0mGET /img/fog.jpg [36m304 [0m0.376 ms - -[0m
{ limit: '0' }
[0mGET /query/history/status?limit=0 [36m304 [0m40.247 ms - -[0m
[0mGET /query/all/location/batch [32m200 [0m2635.084 ms - 135551[0m
[0mGET /query/all/location/batch [36m304 [0m2633.993 ms - -[0m
[0mGET /icon-green-small.gif [36m304 [0m0.479 ms - -[0m
[0mGET /query/all/location/batch [32m200 [0m2644.891 ms - 136055[0m
[0mGET /query/all/location/batch [36m304 [0m2643.040 ms - -[0m
[0mGET /query/all/location/batch [32m200 [0m2643.144 ms - 136054[0m
[0mGET /query/all/location/batch [36m304 [0m2648.326 ms - -[0m
[0mGET /query/all/location/batch [36m304 [0m2673.181 ms - -[0m
[0mGET /query/all/location/batch [32m200 [0m2627.672 ms - 136055[0m
[0mGET /query/all/location/batch [36m304 [0m2628.707 ms - -[0m
[0mGET /query/all/location/batch [32m200 [0m2672.962 ms - 136053[0m
[0mGET /query/all/location/batch [36m304 [0m2627.121 ms - -[0m
[0mGET /icon-pink-small.gif [36m304 [0m0.680 ms - -[0m
[0mGET /query/all/location/batch [32m200 [0m2637.085 ms - 135299[0m
[0mGET /query/all/location/batch [36m304 [0m2621.186 ms - -[0m
[0mGET /query/all/location/batch [36m304 [0m3320.074 ms - -[0m
[0mGET /query/all/location/batch [32m200 [0m3287.946 ms - 135301[0m
[0mGET /query/all/location/batch [36m304 [0m2642.869 ms - -[0m
[0mGET /query/all/location/batch [32m200 [0m2631.351 ms - 135299[0m
[0mGET /query/all/location/batch [36m304 [0m2643.760 ms - -[0m
[0mGET /query/all/location/batch [32m200 [0m2622.305 ms - 135299[0m
[0mGET /query/all/location/batch [36m304 [0m2662.261 ms - -[0m
